<?xml version="1.0" encoding="UTF-8"?>
<!-- Generated by org.testng.reporters.JUnitXMLReporter -->
<testsuite ignored="2" hostname="PCACL-4MD19K3" failures="1" tests="1" name="Test" time="43.599" errors="0" timestamp="2024-04-25T18:45:46 IST">
  <testcase classname="testcases.TC_002_LoginTest" name="verify_login" time="30.804">
    <failure type="java.lang.AssertionError" message="null">
      <![CDATA[java.lang.AssertionError: null
at testcases.TC_002_LoginTest.verify_login(TC_002_LoginTest.java:45)
at java.base/java.util.ArrayList.forEach(ArrayList.java:1511)
... Removed 33 stack frames]]>
    </failure>
  </testcase> <!-- verify_login -->
  <testcase classname="testcases.TC001_AccountRegistrationTest" name="Verify_Account_Registration" time="0.0">
    <ignored/>
  </testcase> <!-- Verify_Account_Registration -->
  <testcase classname="testcases.TC_003_LoginDDT" name="verify_loginDDT" time="0.0">
    <ignored/>
  </testcase> <!-- verify_loginDDT -->
</testsuite> <!-- Test -->
